<?xml version="1.0" encoding="UTF-8"?>
<!-- Generated by org.testng.reporters.JUnitReportReporter -->
<testsuite hostname="Priyanka" failures="0" tests="1" name="com.Bhim.Npci.SendMoneywithoutaddingpayeeTest" time="57.473" errors="0" timestamp="2023-07-11T12:29:01 IST" skipped="0">
  <testcase classname="com.Bhim.Npci.SendMoneywithoutaddingpayeeTest" name="sendmoneywithoutadding" time="57.473"/>
  <system-out/>
</testsuite> <!-- com.Bhim.Npci.SendMoneywithoutaddingpayeeTest -->
