<?xml version="1.0" encoding="UTF-8"?>
<!-- Generated by org.testng.reporters.JUnitReportReporter -->
<testsuite hostname="Priyanka" failures="0" tests="1" name="com.Bhim.Npci.LoginandLogoutopearation" time="16.476" errors="0" timestamp="2023-07-08T11:16:18 IST" skipped="0">
  <testcase classname="com.Bhim.Npci.LoginandLogoutopearation" name="loginandlogout" time="16.476"/>
  <system-out/>
</testsuite> <!-- com.Bhim.Npci.LoginandLogoutopearation -->
