<?xml version="1.0" encoding="UTF-8"?>
<!-- Generated by org.testng.reporters.JUnitReportReporter -->
<testsuite hostname="Priyanka" failures="0" tests="1" name="com.Bhim.Npci.SendMoneyTofavTest" time="25.551" errors="0" timestamp="2023-07-10T16:17:16 IST" skipped="0">
  <testcase classname="com.Bhim.Npci.SendMoneyTofavTest" name="sendmoney" time="25.551"/>
  <system-out/>
</testsuite> <!-- com.Bhim.Npci.SendMoneyTofavTest -->
