<?xml version="1.0" encoding="UTF-8"?>
<!-- Generated by org.testng.reporters.JUnitReportReporter -->
<testsuite hostname="Priyanka" failures="0" tests="1" name="com.Bhim.Npci.Addtofavourite2Test" time="37.819" errors="0" timestamp="2023-07-11T00:12:22 IST" skipped="0">
  <testcase classname="com.Bhim.Npci.Addtofavourite2Test" name="addtofavourite" time="37.819"/>
  <system-out/>
</testsuite> <!-- com.Bhim.Npci.Addtofavourite2Test -->
