<?xml version="1.0" encoding="UTF-8"?>
<!-- Generated by org.testng.reporters.JUnitReportReporter -->
<testsuite hostname="Priyanka" failures="0" tests="1" name="com.Bhim.Npci.DelefavouriteTest" time="28.473" errors="0" timestamp="2023-07-11T01:04:34 IST" skipped="0">
  <testcase classname="com.Bhim.Npci.DelefavouriteTest" name="deletefavourite" time="28.473"/>
  <system-out/>
</testsuite> <!-- com.Bhim.Npci.DelefavouriteTest -->
