<?xml version="1.0" encoding="UTF-8"?>
<!-- Generated by org.testng.reporters.JUnitReportReporter -->
<testsuite hostname="Priyanka" failures="0" tests="1" name="com.Bhim.Npci.Addtofavourities" time="31.552" errors="0" timestamp="2023-07-08T19:00:39 IST" skipped="0">
  <testcase classname="com.Bhim.Npci.Addtofavourities" name="addcotactstofavourite" time="31.552"/>
  <system-out/>
</testsuite> <!-- com.Bhim.Npci.Addtofavourities -->
