<?xml version="1.0" encoding="UTF-8"?>
<!-- Generated by org.testng.reporters.JUnitReportReporter -->
<testsuite hostname="Priyanka" failures="0" tests="1" name="com.Bhim.Npci.FavouritesTest" time="30.963" errors="0" timestamp="2023-07-14T12:26:57 IST" skipped="0">
  <testcase classname="com.Bhim.Npci.FavouritesTest" name="addtoFavouriteTest" time="30.963"/>
  <system-out>
    <![CDATA[addtoFavouriteTest
enterpasscode is successful
click on iamage option]]>
  </system-out>
</testsuite> <!-- com.Bhim.Npci.FavouritesTest -->
