<?xml version="1.0" encoding="UTF-8"?>
<!-- Generated by org.testng.reporters.JUnitReportReporter -->
<testsuite hostname="Priyanka" failures="0" tests="1" name="com.Bhim.Npci.ChangeLanguageTest" time="22.169" errors="0" timestamp="2023-07-10T23:25:27 IST" skipped="0">
  <testcase classname="com.Bhim.Npci.ChangeLanguageTest" name="changelanguage" time="22.169"/>
  <system-out/>
</testsuite> <!-- com.Bhim.Npci.ChangeLanguageTest -->
