<?xml version="1.0" encoding="UTF-8"?>
<!-- Generated by org.testng.reporters.JUnitReportReporter -->
<testsuite hostname="Priyanka" failures="0" tests="1" name="com.Bhim.Npci.LanguageTest" time="25.569" errors="0" timestamp="2023-07-14T15:12:13 IST" skipped="0">
  <testcase classname="com.Bhim.Npci.LanguageTest" name="changelanguageTest" time="25.569"/>
  <system-out>
    <![CDATA[changelanguageTest]]>
  </system-out>
</testsuite> <!-- com.Bhim.Npci.LanguageTest -->
