<?xml version="1.0" encoding="UTF-8"?>
<!-- Generated by org.testng.reporters.JUnitReportReporter -->
<testsuite hostname="Priyanka" failures="0" tests="1" name="com.Bhim.Npci.AddtofavouritiesTest" time="32.569" errors="0" timestamp="2023-07-10T14:20:56 IST" skipped="0">
  <testcase classname="com.Bhim.Npci.AddtofavouritiesTest" name="addcotactstofavourite" time="32.569"/>
  <system-out/>
</testsuite> <!-- com.Bhim.Npci.AddtofavouritiesTest -->
