<?xml version="1.0" encoding="UTF-8"?>
<!-- Generated by org.testng.reporters.JUnitReportReporter -->
<testsuite hostname="Priyanka" failures="0" tests="1" name="com.Bhim.Npci.TransactionTest" time="48.327" errors="0" timestamp="2023-07-14T15:27:38 IST" skipped="0">
  <testcase classname="com.Bhim.Npci.TransactionTest" name="sendMoneyThroughScanner" time="48.327"/>
  <system-out>
    <![CDATA[sendMoneyThroughScanner]]>
  </system-out>
</testsuite> <!-- com.Bhim.Npci.TransactionTest -->
